<?xml version="1.0" encoding="UTF-8"?>
<testsuites name="jest tests" tests="73" failures="0" errors="0" time="16.275">
  <testsuite name="undefined" errors="0" failures="0" skipped="0" timestamp="2026-02-20T21:20:21" time="10.409" tests="2">
    <testcase classname=" should pass" name=" should pass" time="0.006">
    </testcase>
    <testcase classname=" sets up toBeACloudFormationCommand" name=" sets up toBeACloudFormationCommand" time="0">
    </testcase>
  </testsuite>
  <testsuite name="undefined" errors="0" failures="0" skipped="0" timestamp="2026-02-20T21:20:21" time="10.401" tests="3">
    <testcase classname=" should pass" name=" should pass" time="0.005">
    </testcase>
    <testcase classname=" sets up toBeACloudFormationCommand" name=" sets up toBeACloudFormationCommand" time="0">
    </testcase>
    <testcase classname="CFNDependencyResolver should resolve dependencies" name="CFNDependencyResolver should resolve dependencies" time="0">
    </testcase>
  </testsuite>
  <testsuite name="undefined" errors="0" failures="0" skipped="0" timestamp="2026-02-20T21:20:21" time="10.494" tests="2">
    <testcase classname=" should pass" name=" should pass" time="0.008">
    </testcase>
    <testcase classname=" sets up toBeACloudFormationCommand" name=" sets up toBeACloudFormationCommand" time="0">
    </testcase>
  </testsuite>
  <testsuite name="undefined" errors="0" failures="0" skipped="0" timestamp="2026-02-20T21:20:21" time="10.512" tests="3">
    <testcase classname=" should pass" name=" should pass" time="0.008">
    </testcase>
    <testcase classname=" sets up toBeACloudFormationCommand" name=" sets up toBeACloudFormationCommand" time="0">
    </testcase>
    <testcase classname=" should pass" name=" should pass" time="0">
    </testcase>
  </testsuite>
  <testsuite name="undefined" errors="0" failures="0" skipped="0" timestamp="2026-02-20T21:20:21" time="11.746" tests="4">
    <testcase classname=" should pass" name=" should pass" time="0.004">
    </testcase>
    <testcase classname=" sets up toBeACloudFormationCommand" name=" sets up toBeACloudFormationCommand" time="0">
    </testcase>
    <testcase classname="CFNParameterResolver should resolve parameters in template" name="CFNParameterResolver should resolve parameters in template" time="0">
    </testcase>
    <testcase classname="CFNParameterResolver should not resolve when no parameters are present" name="CFNParameterResolver should not resolve when no parameters are present" time="0">
    </testcase>
  </testsuite>
  <testsuite name="undefined" errors="0" failures="0" skipped="0" timestamp="2026-02-20T21:20:21" time="11.766" tests="10">
    <testcase classname=" should pass" name=" should pass" time="0.003">
    </testcase>
    <testcase classname=" sets up toBeACloudFormationCommand" name=" sets up toBeACloudFormationCommand" time="0">
    </testcase>
    <testcase classname="tryRefactorStack should return success when create, execute, and stack updates all complete" name="tryRefactorStack should return success when create, execute, and stack updates all complete" time="0.001">
    </testcase>
    <testcase classname="tryRefactorStack should return failure when create phase fails" name="tryRefactorStack should return failure when create phase fails" time="0.001">
    </testcase>
    <testcase classname="tryRefactorStack should return failure when execute phase fails" name="tryRefactorStack should return failure when execute phase fails" time="0">
    </testcase>
    <testcase classname="tryRefactorStack should throw when polling times out" name="tryRefactorStack should throw when polling times out" time="0.007">
    </testcase>
    <testcase classname="tryRefactorStack should throw when CreateStackRefactor returns no StackRefactorId" name="tryRefactorStack should throw when CreateStackRefactor returns no StackRefactorId" time="0">
    </testcase>
    <testcase classname="tryRefactorStack should throw when source stack does not reach UPDATE_COMPLETE" name="tryRefactorStack should throw when source stack does not reach UPDATE_COMPLETE" time="0">
    </testcase>
    <testcase classname="tryRefactorStack should throw when destination stack does not reach UPDATE_COMPLETE" name="tryRefactorStack should throw when destination stack does not reach UPDATE_COMPLETE" time="0">
    </testcase>
    <testcase classname="tryRefactorStack should throw when stack definitions are missing stack names" name="tryRefactorStack should throw when stack definitions are missing stack names" time="0.001">
    </testcase>
  </testsuite>
  <testsuite name="undefined" errors="0" failures="0" skipped="0" timestamp="2026-02-20T21:20:21" time="11.758" tests="4">
    <testcase classname=" should pass" name=" should pass" time="0.004">
    </testcase>
    <testcase classname=" sets up toBeACloudFormationCommand" name=" sets up toBeACloudFormationCommand" time="0">
    </testcase>
    <testcase classname="CFNConditionResolver should resolve the conditions in the template" name="CFNConditionResolver should resolve the conditions in the template" time="0">
    </testcase>
    <testcase classname=" should throw CloudFormationTemplateError when a Ref parameter cannot be resolved" name=" should throw CloudFormationTemplateError when a Ref parameter cannot be resolved" time="0.01">
    </testcase>
  </testsuite>
  <testsuite name="undefined" errors="0" failures="0" skipped="0" timestamp="2026-02-20T21:20:21" time="11.764" tests="10">
    <testcase classname=" should pass" name=" should pass" time="0.003">
    </testcase>
    <testcase classname=" sets up toBeACloudFormationCommand" name=" sets up toBeACloudFormationCommand" time="0.001">
    </testcase>
    <testcase classname="tryUpdateStack should update stack and return completion status" name="tryUpdateStack should update stack and return completion status" time="0">
    </testcase>
    <testcase classname="tryUpdateStack should return UPDATE_COMPLETE when no updates are to be performed" name="tryUpdateStack should return UPDATE_COMPLETE when no updates are to be performed" time="0">
    </testcase>
    <testcase classname="tryUpdateStack should rethrow non-&quot;no updates&quot; errors" name="tryUpdateStack should rethrow non-&quot;no updates&quot; errors" time="0.008">
    </testcase>
    <testcase classname="pollStackForCompletionState should return status when stack reaches completion state" name="pollStackForCompletionState should return status when stack reaches completion state" time="0">
    </testcase>
    <testcase classname="pollStackForCompletionState should throw DeploymentError when polling times out" name="pollStackForCompletionState should throw DeploymentError when polling times out" time="0">
    </testcase>
    <testcase classname="pollStackForCompletionState should throw DeploymentError when stack is not found" name="pollStackForCompletionState should throw DeploymentError when stack is not found" time="0.001">
    </testcase>
    <testcase classname="pollStackForCompletionState should throw DeploymentError when stack has no status" name="pollStackForCompletionState should throw DeploymentError when stack has no status" time="0">
    </testcase>
    <testcase classname="pollStackForCompletionState should poll multiple times before reaching completion" name="pollStackForCompletionState should poll multiple times before reaching completion" time="0">
    </testcase>
  </testsuite>
  <testsuite name="undefined" errors="0" failures="0" skipped="0" timestamp="2026-02-20T21:20:21" time="11.766" tests="8">
    <testcase classname=" should pass" name=" should pass" time="0.004">
    </testcase>
    <testcase classname=" sets up toBeACloudFormationCommand" name=" sets up toBeACloudFormationCommand" time="0">
    </testcase>
    <testcase classname="CFNOutputResolver should resolve output references" name="CFNOutputResolver should resolve output references" time="0.001">
    </testcase>
    <testcase classname="CFNOutputResolver should throw error when Kinesis ARN is not exposed in outputs" name="CFNOutputResolver should throw error when Kinesis ARN is not exposed in outputs" time="0.01">
    </testcase>
    <testcase classname=" should throw CloudFormationTemplateError when template has no Resources section" name=" should throw CloudFormationTemplateError when template has no Resources section" time="0.001">
    </testcase>
    <testcase classname=" should throw CloudFormationTemplateError when template has no Outputs section" name=" should throw CloudFormationTemplateError when template has no Outputs section" time="0">
    </testcase>
    <testcase classname=" should throw InvalidStackError when stack output value is missing" name=" should throw InvalidStackError when stack output value is missing" time="0">
    </testcase>
    <testcase classname=" should throw InvalidStackError when stack resource has no physical ID" name=" should throw InvalidStackError when stack resource has no physical ID" time="0">
    </testcase>
  </testsuite>
  <testsuite name="undefined" errors="0" failures="0" skipped="0" timestamp="2026-02-20T21:20:21" time="11.77" tests="8">
    <testcase classname=" should pass" name=" should pass" time="0.004">
    </testcase>
    <testcase classname=" sets up toBeACloudFormationCommand" name=" sets up toBeACloudFormationCommand" time="0">
    </testcase>
    <testcase classname="OAuthValuesRetriever should fail if the oauth param is not an array" name="OAuthValuesRetriever should fail if the oauth param is not an array" time="0.012">
    </testcase>
    <testcase classname="OAuthValuesRetriever should fail if the oauth param does not have provider info" name="OAuthValuesRetriever should fail if the oauth param does not have provider info" time="0">
    </testcase>
    <testcase classname="OAuthValuesRetriever should throw InvalidStackError when OAuth parameter has no value" name="OAuthValuesRetriever should throw InvalidStackError when OAuth parameter has no value" time="0.001">
    </testcase>
    <testcase classname="OAuthValuesRetriever should throw InvalidStackError when Cognito returns no provider details" name="OAuthValuesRetriever should throw InvalidStackError when Cognito returns no provider details" time="0">
    </testcase>
    <testcase classname="OAuthValuesRetriever should retrieve OAuth values for non-Apple provider" name="OAuthValuesRetriever should retrieve OAuth values for non-Apple provider" time="0.001">
    </testcase>
    <testcase classname="OAuthValuesRetriever should retrieve OAuth values for SignInWithApple provider" name="OAuthValuesRetriever should retrieve OAuth values for SignInWithApple provider" time="0">
    </testcase>
  </testsuite>
  <testsuite name="undefined" errors="0" failures="0" skipped="0" timestamp="2026-02-20T21:20:21" time="13.259" tests="9">
    <testcase classname=" should pass" name=" should pass" time="0.003">
    </testcase>
    <testcase classname=" sets up toBeACloudFormationCommand" name=" sets up toBeACloudFormationCommand" time="0">
    </testcase>
    <testcase classname="TemplateGenerator should refactor selected categories from Gen1 to Gen2 successfully" name="TemplateGenerator should refactor selected categories from Gen1 to Gen2 successfully" time="0.004">
    </testcase>
    <testcase classname="TemplateGenerator should skip categories that have already been refactored when using generateSelectedCategories" name="TemplateGenerator should skip categories that have already been refactored when using generateSelectedCategories" time="0">
    </testcase>
    <testcase classname="TemplateGenerator should proceed with refactor when Gen2 has no resources to remove but Gen1 does" name="TemplateGenerator should proceed with refactor when Gen2 has no resources to remove but Gen1 does" time="0.001">
    </testcase>
    <testcase classname="TemplateGenerator should throw when no applicable destination category exists during initializeForAssessment" name="TemplateGenerator should throw when no applicable destination category exists during initializeForAssessment" time="0.002">
    </testcase>
    <testcase classname="TemplateGenerator should return false and rollback gen2 stack when stack refactor fails" name="TemplateGenerator should return false and rollback gen2 stack when stack refactor fails" time="0">
    </testcase>
    <testcase classname="TemplateGenerator should rollback resources from Gen2 to Gen1 successfully" name="TemplateGenerator should rollback resources from Gen2 to Gen1 successfully" time="0.002">
    </testcase>
    <testcase classname="TemplateGenerator should rollback resources from Gen2 to Gen1 successfully, skipping categories that have already been updated previously" name="TemplateGenerator should rollback resources from Gen2 to Gen1 successfully, skipping categories that have already been updated previously" time="0.001">
    </testcase>
  </testsuite>
  <testsuite name="undefined" errors="0" failures="0" skipped="0" timestamp="2026-02-20T21:20:21" time="13.26" tests="10">
    <testcase classname=" should pass" name=" should pass" time="0.003">
    </testcase>
    <testcase classname=" sets up toBeACloudFormationCommand" name=" sets up toBeACloudFormationCommand" time="0">
    </testcase>
    <testcase classname="CategoryTemplateGenerator should preprocess gen1 template prior to refactor" name="CategoryTemplateGenerator should preprocess gen1 template prior to refactor" time="0.003">
    </testcase>
    <testcase classname="CategoryTemplateGenerator should remove gen2 resources from gen2 stack prior to refactor" name="CategoryTemplateGenerator should remove gen2 resources from gen2 stack prior to refactor" time="0">
    </testcase>
    <testcase classname="CategoryTemplateGenerator should refactor gen1 resources into gen2 stack" name="CategoryTemplateGenerator should refactor gen1 resources into gen2 stack" time="0.001">
    </testcase>
    <testcase classname="CategoryTemplateGenerator should refactor auth gen1 resources into gen2 stack" name="CategoryTemplateGenerator should refactor auth gen1 resources into gen2 stack" time="0">
    </testcase>
    <testcase classname="CategoryTemplateGenerator should return undefined when there are no resources to move in Gen1 stack" name="CategoryTemplateGenerator should return undefined when there are no resources to move in Gen1 stack" time="0">
    </testcase>
    <testcase classname="CategoryTemplateGenerator should return undefined when there are no resources to move in Gen2 stack" name="CategoryTemplateGenerator should return undefined when there are no resources to move in Gen2 stack" time="0.001">
    </testcase>
    <testcase classname="CategoryTemplateGenerator should refactor DynamoDB gen1 resources into gen2 stack" name="CategoryTemplateGenerator should refactor DynamoDB gen1 resources into gen2 stack" time="0">
    </testcase>
    <testcase classname="CategoryTemplateGenerator should throw when generateStackRefactorTemplates is called without calling generate methods first" name="CategoryTemplateGenerator should throw when generateStackRefactorTemplates is called without calling generate methods first" time="0.004">
    </testcase>
  </testsuite>
</testsuites>